{"/Users/andreyroztorguev/Programming/todolist-react/src/App.tsx": {"path":"/Users/andreyroztorguev/Programming/todolist-react/src/App.tsx","all":false,"statementMap":{"0":{"start":{"line":1,"column":0},"end":{"line":1,"column":33}},"1":{"start":{"line":2,"column":0},"end":{"line":2,"column":19}},"2":{"start":{"line":3,"column":0},"end":{"line":3,"column":73}},"3":{"start":{"line":4,"column":0},"end":{"line":4,"column":82}},"4":{"start":{"line":5,"column":0},"end":{"line":5,"column":61}},"5":{"start":{"line":6,"column":0},"end":{"line":6,"column":58}},"6":{"start":{"line":7,"column":0},"end":{"line":7,"column":73}},"14":{"start":{"line":15,"column":0},"end":{"line":15,"column":16}},"15":{"start":{"line":16,"column":0},"end":{"line":16,"column":86}},"16":{"start":{"line":17,"column":0},"end":{"line":17,"column":56}},"17":{"start":{"line":18,"column":0},"end":{"line":18,"column":61}},"18":{"start":{"line":19,"column":0},"end":{"line":19,"column":59}},"19":{"start":{"line":20,"column":0},"end":{"line":20,"column":56}},"20":{"start":{"line":21,"column":0},"end":{"line":21,"column":5}},"22":{"start":{"line":23,"column":0},"end":{"line":23,"column":64}},"23":{"start":{"line":24,"column":0},"end":{"line":24,"column":23}},"24":{"start":{"line":25,"column":0},"end":{"line":25,"column":35}},"25":{"start":{"line":26,"column":0},"end":{"line":26,"column":25}},"26":{"start":{"line":27,"column":0},"end":{"line":27,"column":67}},"27":{"start":{"line":28,"column":0},"end":{"line":28,"column":12}},"28":{"start":{"line":29,"column":0},"end":{"line":29,"column":81}},"29":{"start":{"line":30,"column":0},"end":{"line":30,"column":5}},"30":{"start":{"line":31,"column":0},"end":{"line":31,"column":34}},"31":{"start":{"line":32,"column":0},"end":{"line":32,"column":3}},"32":{"start":{"line":33,"column":0},"end":{"line":33,"column":60}},"33":{"start":{"line":34,"column":0},"end":{"line":34,"column":56}},"34":{"start":{"line":35,"column":0},"end":{"line":35,"column":25}},"35":{"start":{"line":36,"column":0},"end":{"line":36,"column":31}},"36":{"start":{"line":37,"column":0},"end":{"line":37,"column":25}},"37":{"start":{"line":38,"column":0},"end":{"line":38,"column":3}},"38":{"start":{"line":39,"column":0},"end":{"line":39,"column":56}},"39":{"start":{"line":40,"column":0},"end":{"line":40,"column":46}},"40":{"start":{"line":41,"column":0},"end":{"line":41,"column":3}},"42":{"start":{"line":43,"column":0},"end":{"line":43,"column":42}},"43":{"start":{"line":44,"column":0},"end":{"line":44,"column":56}},"44":{"start":{"line":45,"column":0},"end":{"line":45,"column":3}},"45":{"start":{"line":46,"column":0},"end":{"line":46,"column":65}},"46":{"start":{"line":47,"column":0},"end":{"line":47,"column":25}},"47":{"start":{"line":48,"column":0},"end":{"line":48,"column":3}},"49":{"start":{"line":50,"column":0},"end":{"line":50,"column":74}},"50":{"start":{"line":51,"column":0},"end":{"line":51,"column":71}},"51":{"start":{"line":52,"column":0},"end":{"line":52,"column":3}},"53":{"start":{"line":54,"column":0},"end":{"line":54,"column":10}},"54":{"start":{"line":55,"column":0},"end":{"line":55,"column":79}},"55":{"start":{"line":56,"column":0},"end":{"line":56,"column":73}},"56":{"start":{"line":57,"column":0},"end":{"line":57,"column":43}},"57":{"start":{"line":58,"column":0},"end":{"line":58,"column":75}},"58":{"start":{"line":59,"column":0},"end":{"line":59,"column":20}},"59":{"start":{"line":60,"column":0},"end":{"line":60,"column":44}},"60":{"start":{"line":61,"column":0},"end":{"line":61,"column":37}},"61":{"start":{"line":62,"column":0},"end":{"line":62,"column":40}},"62":{"start":{"line":63,"column":0},"end":{"line":63,"column":12}},"63":{"start":{"line":64,"column":0},"end":{"line":64,"column":71}},"64":{"start":{"line":65,"column":0},"end":{"line":65,"column":15}},"65":{"start":{"line":66,"column":0},"end":{"line":66,"column":52}},"66":{"start":{"line":67,"column":0},"end":{"line":67,"column":17}},"67":{"start":{"line":68,"column":0},"end":{"line":68,"column":23}},"68":{"start":{"line":69,"column":0},"end":{"line":69,"column":43}},"69":{"start":{"line":70,"column":0},"end":{"line":70,"column":47}},"70":{"start":{"line":71,"column":0},"end":{"line":71,"column":10}},"71":{"start":{"line":72,"column":0},"end":{"line":72,"column":12}},"72":{"start":{"line":73,"column":0},"end":{"line":73,"column":10}},"74":{"start":{"line":75,"column":0},"end":{"line":75,"column":1}},"76":{"start":{"line":77,"column":0},"end":{"line":77,"column":19}}},"s":{"0":1,"1":1,"2":1,"3":1,"4":1,"5":1,"6":1,"14":15,"15":15,"16":15,"17":15,"18":15,"19":15,"20":15,"22":15,"23":1,"24":1,"25":1,"26":0,"27":1,"28":1,"29":1,"30":1,"31":1,"32":15,"33":0,"34":0,"35":0,"36":0,"37":0,"38":15,"39":1,"40":1,"42":15,"43":0,"44":0,"45":15,"46":0,"47":0,"49":15,"50":11,"51":11,"53":15,"54":15,"55":15,"56":15,"57":15,"58":15,"59":15,"60":15,"61":15,"62":15,"63":15,"64":15,"65":15,"66":15,"67":15,"68":15,"69":15,"70":15,"71":15,"72":15,"74":15,"76":1},"branchMap":{"0":{"type":"branch","line":15,"loc":{"start":{"line":15,"column":0},"end":{"line":75,"column":1}},"locations":[{"start":{"line":15,"column":0},"end":{"line":75,"column":1}}]},"1":{"type":"branch","line":23,"loc":{"start":{"line":23,"column":2},"end":{"line":32,"column":3}},"locations":[{"start":{"line":23,"column":2},"end":{"line":32,"column":3}}]},"2":{"type":"branch","line":25,"loc":{"start":{"line":25,"column":28},"end":{"line":25,"column":35}},"locations":[{"start":{"line":25,"column":28},"end":{"line":25,"column":35}}]},"3":{"type":"branch","line":26,"loc":{"start":{"line":26,"column":24},"end":{"line":28,"column":11}},"locations":[{"start":{"line":26,"column":24},"end":{"line":28,"column":11}}]},"4":{"type":"branch","line":29,"loc":{"start":{"line":29,"column":15},"end":{"line":29,"column":79}},"locations":[{"start":{"line":29,"column":15},"end":{"line":29,"column":79}}]},"5":{"type":"branch","line":39,"loc":{"start":{"line":39,"column":2},"end":{"line":41,"column":3}},"locations":[{"start":{"line":39,"column":2},"end":{"line":41,"column":3}}]},"6":{"type":"branch","line":50,"loc":{"start":{"line":50,"column":2},"end":{"line":52,"column":3}},"locations":[{"start":{"line":50,"column":2},"end":{"line":52,"column":3}}]},"7":{"type":"branch","line":51,"loc":{"start":{"line":51,"column":19},"end":{"line":51,"column":69}},"locations":[{"start":{"line":51,"column":19},"end":{"line":51,"column":69}}]}},"b":{"0":[15],"1":[1],"2":[0],"3":[0],"4":[1],"5":[1],"6":[11],"7":[11]},"fnMap":{"0":{"name":"App","decl":{"start":{"line":15,"column":0},"end":{"line":75,"column":1}},"loc":{"start":{"line":15,"column":0},"end":{"line":75,"column":1}},"line":15},"1":{"name":"addTodoHandler","decl":{"start":{"line":23,"column":2},"end":{"line":32,"column":3}},"loc":{"start":{"line":23,"column":2},"end":{"line":32,"column":3}},"line":23},"2":{"name":"updateTodo","decl":{"start":{"line":33,"column":2},"end":{"line":38,"column":3}},"loc":{"start":{"line":33,"column":2},"end":{"line":38,"column":3}},"line":33},"3":{"name":"createNewTodo","decl":{"start":{"line":39,"column":2},"end":{"line":41,"column":3}},"loc":{"start":{"line":39,"column":2},"end":{"line":41,"column":3}},"line":39},"4":{"name":"deleteTodoHandler","decl":{"start":{"line":43,"column":2},"end":{"line":45,"column":3}},"loc":{"start":{"line":43,"column":2},"end":{"line":45,"column":3}},"line":43},"5":{"name":"editTodoHandler","decl":{"start":{"line":46,"column":2},"end":{"line":48,"column":3}},"loc":{"start":{"line":46,"column":2},"end":{"line":48,"column":3}},"line":46},"6":{"name":"changeCurrentTodo","decl":{"start":{"line":50,"column":2},"end":{"line":52,"column":3}},"loc":{"start":{"line":50,"column":2},"end":{"line":52,"column":3}},"line":50}},"f":{"0":15,"1":1,"2":0,"3":1,"4":0,"5":0,"6":11}}
,"/Users/andreyroztorguev/Programming/todolist-react/src/main.tsx": {"path":"/Users/andreyroztorguev/Programming/todolist-react/src/main.tsx","all":true,"statementMap":{"0":{"start":{"line":1,"column":0},"end":{"line":1,"column":34}},"1":{"start":{"line":2,"column":0},"end":{"line":2,"column":45}},"2":{"start":{"line":3,"column":0},"end":{"line":3,"column":20}},"3":{"start":{"line":4,"column":0},"end":{"line":4,"column":27}},"5":{"start":{"line":6,"column":0},"end":{"line":6,"column":52}},"6":{"start":{"line":7,"column":0},"end":{"line":7,"column":14}},"7":{"start":{"line":8,"column":0},"end":{"line":8,"column":11}},"8":{"start":{"line":9,"column":0},"end":{"line":9,"column":16}},"9":{"start":{"line":10,"column":0},"end":{"line":10,"column":1}}},"s":{"0":0,"1":0,"2":0,"3":0,"5":0,"6":0,"7":0,"8":0,"9":0},"branchMap":{"0":{"type":"branch","line":1,"loc":{"start":{"line":1,"column":203},"end":{"line":10,"column":-148}},"locations":[{"start":{"line":1,"column":203},"end":{"line":10,"column":-148}}]}},"b":{"0":[0]},"fnMap":{"0":{"name":"(empty-report)","decl":{"start":{"line":1,"column":203},"end":{"line":10,"column":-148}},"loc":{"start":{"line":1,"column":203},"end":{"line":10,"column":-148}},"line":1}},"f":{"0":0}}
,"/Users/andreyroztorguev/Programming/todolist-react/src/components/AddTodoButton/AddTodoButton.tsx": {"path":"/Users/andreyroztorguev/Programming/todolist-react/src/components/AddTodoButton/AddTodoButton.tsx","all":false,"statementMap":{"5":{"start":{"line":6,"column":0},"end":{"line":6,"column":67}},"6":{"start":{"line":7,"column":0},"end":{"line":7,"column":9}},"7":{"start":{"line":8,"column":0},"end":{"line":8,"column":23}},"8":{"start":{"line":9,"column":0},"end":{"line":9,"column":15}},"9":{"start":{"line":10,"column":0},"end":{"line":10,"column":157}},"10":{"start":{"line":11,"column":0},"end":{"line":11,"column":95}},"11":{"start":{"line":12,"column":0},"end":{"line":12,"column":8}},"13":{"start":{"line":14,"column":0},"end":{"line":14,"column":11}}},"s":{"5":1,"6":18,"7":18,"8":18,"9":18,"10":18,"11":18,"13":18},"branchMap":{"0":{"type":"branch","line":6,"loc":{"start":{"line":6,"column":22},"end":{"line":14,"column":11}},"locations":[{"start":{"line":6,"column":22},"end":{"line":14,"column":11}}]},"1":{"type":"branch","line":11,"loc":{"start":{"line":11,"column":6},"end":{"line":11,"column":95}},"locations":[{"start":{"line":11,"column":6},"end":{"line":11,"column":95}}]}},"b":{"0":[18],"1":[5]},"fnMap":{"0":{"name":"AddTodoButton","decl":{"start":{"line":6,"column":22},"end":{"line":14,"column":11}},"loc":{"start":{"line":6,"column":22},"end":{"line":14,"column":11}},"line":6}},"f":{"0":18}}
,"/Users/andreyroztorguev/Programming/todolist-react/src/components/Button/Button.tsx": {"path":"/Users/andreyroztorguev/Programming/todolist-react/src/components/Button/Button.tsx","all":false,"statementMap":{"8":{"start":{"line":9,"column":0},"end":{"line":9,"column":77}},"9":{"start":{"line":10,"column":0},"end":{"line":10,"column":84}},"10":{"start":{"line":11,"column":0},"end":{"line":11,"column":14}},"11":{"start":{"line":12,"column":0},"end":{"line":12,"column":11}}},"s":{"8":1,"9":102,"10":102,"11":102},"branchMap":{"0":{"type":"branch","line":9,"loc":{"start":{"line":9,"column":15},"end":{"line":12,"column":11}},"locations":[{"start":{"line":9,"column":15},"end":{"line":12,"column":11}}]}},"b":{"0":[102]},"fnMap":{"0":{"name":"Button","decl":{"start":{"line":9,"column":15},"end":{"line":12,"column":11}},"loc":{"start":{"line":9,"column":15},"end":{"line":12,"column":11}},"line":9}},"f":{"0":102}}
,"/Users/andreyroztorguev/Programming/todolist-react/src/components/EmptyListMessage/EmptyListMessage.tsx": {"path":"/Users/andreyroztorguev/Programming/todolist-react/src/components/EmptyListMessage/EmptyListMessage.tsx","all":false,"statementMap":{"4":{"start":{"line":5,"column":0},"end":{"line":5,"column":66}},"5":{"start":{"line":6,"column":0},"end":{"line":6,"column":28}},"7":{"start":{"line":8,"column":0},"end":{"line":8,"column":10}},"8":{"start":{"line":9,"column":0},"end":{"line":9,"column":90}},"10":{"start":{"line":11,"column":0},"end":{"line":11,"column":8}},"12":{"start":{"line":13,"column":0},"end":{"line":13,"column":2}}},"s":{"4":1,"5":17,"7":1,"8":1,"10":1,"12":1},"branchMap":{"0":{"type":"branch","line":5,"loc":{"start":{"line":5,"column":25},"end":{"line":13,"column":2}},"locations":[{"start":{"line":5,"column":25},"end":{"line":13,"column":2}}]},"1":{"type":"branch","line":6,"loc":{"start":{"line":6,"column":16},"end":{"line":13,"column":2}},"locations":[{"start":{"line":6,"column":16},"end":{"line":13,"column":2}}]},"2":{"type":"branch","line":6,"loc":{"start":{"line":6,"column":23},"end":{"line":13,"column":2}},"locations":[{"start":{"line":6,"column":23},"end":{"line":13,"column":2}}]}},"b":{"0":[17],"1":[16],"2":[1]},"fnMap":{"0":{"name":"EmptyListMessage","decl":{"start":{"line":5,"column":25},"end":{"line":13,"column":2}},"loc":{"start":{"line":5,"column":25},"end":{"line":13,"column":2}},"line":5}},"f":{"0":17}}
,"/Users/andreyroztorguev/Programming/todolist-react/src/components/TodoInput/TodoInput.tsx": {"path":"/Users/andreyroztorguev/Programming/todolist-react/src/components/TodoInput/TodoInput.tsx","all":false,"statementMap":{"5":{"start":{"line":6,"column":0},"end":{"line":6,"column":99}},"6":{"start":{"line":7,"column":0},"end":{"line":7,"column":8}},"7":{"start":{"line":8,"column":0},"end":{"line":8,"column":27}},"8":{"start":{"line":9,"column":0},"end":{"line":9,"column":17}},"9":{"start":{"line":10,"column":0},"end":{"line":10,"column":15}},"10":{"start":{"line":11,"column":0},"end":{"line":11,"column":29}},"11":{"start":{"line":12,"column":0},"end":{"line":12,"column":135}},"12":{"start":{"line":13,"column":0},"end":{"line":13,"column":4}}},"s":{"5":1,"6":17,"7":17,"8":17,"9":17,"10":17,"11":17,"12":17},"branchMap":{"0":{"type":"branch","line":6,"loc":{"start":{"line":6,"column":18},"end":{"line":13,"column":4}},"locations":[{"start":{"line":6,"column":18},"end":{"line":13,"column":4}}]}},"b":{"0":[17]},"fnMap":{"0":{"name":"TodoInput","decl":{"start":{"line":6,"column":18},"end":{"line":13,"column":4}},"loc":{"start":{"line":6,"column":18},"end":{"line":13,"column":4}},"line":6}},"f":{"0":17}}
,"/Users/andreyroztorguev/Programming/todolist-react/src/components/TodoList/TodoList.tsx": {"path":"/Users/andreyroztorguev/Programming/todolist-react/src/components/TodoList/TodoList.tsx","all":false,"statementMap":{"1":{"start":{"line":2,"column":0},"end":{"line":2,"column":47}},"9":{"start":{"line":10,"column":0},"end":{"line":10,"column":84}},"10":{"start":{"line":11,"column":0},"end":{"line":11,"column":51}},"11":{"start":{"line":12,"column":0},"end":{"line":12,"column":26}},"12":{"start":{"line":13,"column":0},"end":{"line":13,"column":15}},"13":{"start":{"line":14,"column":0},"end":{"line":14,"column":19}},"14":{"start":{"line":15,"column":0},"end":{"line":15,"column":21}},"15":{"start":{"line":16,"column":0},"end":{"line":16,"column":45}},"16":{"start":{"line":17,"column":0},"end":{"line":17,"column":41}},"17":{"start":{"line":18,"column":0},"end":{"line":18,"column":8}},"18":{"start":{"line":19,"column":0},"end":{"line":19,"column":7}},"19":{"start":{"line":20,"column":0},"end":{"line":20,"column":7}}},"s":{"1":1,"9":1,"10":16,"11":16,"12":47,"13":47,"14":47,"15":47,"16":47,"17":47,"18":47,"19":16},"branchMap":{"0":{"type":"branch","line":10,"loc":{"start":{"line":10,"column":17},"end":{"line":20,"column":7}},"locations":[{"start":{"line":10,"column":17},"end":{"line":20,"column":7}}]},"1":{"type":"branch","line":12,"loc":{"start":{"line":12,"column":15},"end":{"line":19,"column":7}},"locations":[{"start":{"line":12,"column":15},"end":{"line":19,"column":7}}]}},"b":{"0":[16],"1":[47]},"fnMap":{"0":{"name":"TodoList","decl":{"start":{"line":10,"column":17},"end":{"line":20,"column":7}},"loc":{"start":{"line":10,"column":17},"end":{"line":20,"column":7}},"line":10}},"f":{"0":16}}
,"/Users/andreyroztorguev/Programming/todolist-react/src/components/TodoList/TodoItem/TodoItem.tsx": {"path":"/Users/andreyroztorguev/Programming/todolist-react/src/components/TodoList/TodoItem/TodoItem.tsx","all":false,"statementMap":{"0":{"start":{"line":1,"column":0},"end":{"line":1,"column":49}},"2":{"start":{"line":3,"column":0},"end":{"line":3,"column":45}},"10":{"start":{"line":11,"column":0},"end":{"line":11,"column":83}},"11":{"start":{"line":12,"column":0},"end":{"line":12,"column":89}},"12":{"start":{"line":13,"column":0},"end":{"line":13,"column":55}},"13":{"start":{"line":14,"column":0},"end":{"line":14,"column":9}},"14":{"start":{"line":15,"column":0},"end":{"line":15,"column":13}},"15":{"start":{"line":16,"column":0},"end":{"line":16,"column":24}},"16":{"start":{"line":17,"column":0},"end":{"line":17,"column":56}},"17":{"start":{"line":18,"column":0},"end":{"line":18,"column":77}},"18":{"start":{"line":19,"column":0},"end":{"line":19,"column":18}},"19":{"start":{"line":20,"column":0},"end":{"line":20,"column":15}},"20":{"start":{"line":21,"column":0},"end":{"line":21,"column":13}},"21":{"start":{"line":22,"column":0},"end":{"line":22,"column":26}},"22":{"start":{"line":23,"column":0},"end":{"line":23,"column":74}},"23":{"start":{"line":24,"column":0},"end":{"line":24,"column":55}},"24":{"start":{"line":25,"column":0},"end":{"line":25,"column":19}},"25":{"start":{"line":26,"column":0},"end":{"line":26,"column":15}},"26":{"start":{"line":27,"column":0},"end":{"line":27,"column":10}},"27":{"start":{"line":28,"column":0},"end":{"line":28,"column":7}}},"s":{"0":1,"2":1,"10":1,"11":50,"12":50,"13":50,"14":50,"15":50,"16":50,"17":50,"18":50,"19":50,"20":50,"21":50,"22":50,"23":50,"24":50,"25":50,"26":50,"27":50},"branchMap":{"0":{"type":"branch","line":11,"loc":{"start":{"line":11,"column":17},"end":{"line":28,"column":7}},"locations":[{"start":{"line":11,"column":17},"end":{"line":28,"column":7}}]},"1":{"type":"branch","line":17,"loc":{"start":{"line":17,"column":21},"end":{"line":17,"column":56}},"locations":[{"start":{"line":17,"column":21},"end":{"line":17,"column":56}}]},"2":{"type":"branch","line":24,"loc":{"start":{"line":24,"column":21},"end":{"line":24,"column":55}},"locations":[{"start":{"line":24,"column":21},"end":{"line":24,"column":55}}]}},"b":{"0":[50],"1":[1],"2":[1]},"fnMap":{"0":{"name":"TodoItem","decl":{"start":{"line":11,"column":17},"end":{"line":28,"column":7}},"loc":{"start":{"line":11,"column":17},"end":{"line":28,"column":7}},"line":11},"1":{"name":"handleClick","decl":{"start":{"line":17,"column":21},"end":{"line":17,"column":56}},"loc":{"start":{"line":17,"column":21},"end":{"line":17,"column":56}},"line":17},"2":{"name":"handleClick","decl":{"start":{"line":24,"column":21},"end":{"line":24,"column":55}},"loc":{"start":{"line":24,"column":21},"end":{"line":24,"column":55}},"line":24}},"f":{"0":50,"1":1,"2":1}}
,"/Users/andreyroztorguev/Programming/todolist-react/src/components/TodoListTitle/TodoListTitle.tsx": {"path":"/Users/andreyroztorguev/Programming/todolist-react/src/components/TodoListTitle/TodoListTitle.tsx","all":false,"statementMap":{"4":{"start":{"line":5,"column":0},"end":{"line":5,"column":58}},"5":{"start":{"line":6,"column":0},"end":{"line":6,"column":80}}},"s":{"4":1,"5":16},"branchMap":{"0":{"type":"branch","line":5,"loc":{"start":{"line":5,"column":22},"end":{"line":6,"column":80}},"locations":[{"start":{"line":5,"column":22},"end":{"line":6,"column":80}}]}},"b":{"0":[16]},"fnMap":{"0":{"name":"TodoListTitle","decl":{"start":{"line":5,"column":22},"end":{"line":6,"column":80}},"loc":{"start":{"line":5,"column":22},"end":{"line":6,"column":80}},"line":5}},"f":{"0":16}}
}
